#
# There is insufficient memory for the Java Runtime Environment to continue.
# Native memory allocation (mmap) failed to map 87031808 bytes for committing reserved memory.
# Possible reasons:
#   The system is out of physical RAM or swap space
#   In 32 bit mode, the process size limit was hit
# Possible solutions:
#   Reduce memory load on the system
#   Increase physical memory or swap space
#   Check if swap backing store is full
#   Use 64 bit Java on a 64 bit OS
#   Decrease Java heap size (-Xmx/-Xms)
#   Decrease number of Java threads
#   Decrease Java thread stack sizes (-Xss)
#   Set larger code cache with -XX:ReservedCodeCacheSize=
# This output file may be truncated or incomplete.
#
#  Out of Memory Error (os_linux.cpp:2627), pid=23898, tid=0x00007f6e52f88700
#
# JRE version:  (8.0_92-b14) (build )
# Java VM: OpenJDK 64-Bit Server VM (25.92-b14 mixed mode linux-amd64 compressed oops)
# Core dump written. Default location: /home/rsantos/vegan/lista-vegan-frontend/core or core.23898
#

---------------  T H R E A D  ---------------

Current thread (0x00007f6e4c008000):  JavaThread "Unknown thread" [_thread_in_vm, id=23899, stack(0x00007f6e52e88000,0x00007f6e52f89000)]

Stack: [0x00007f6e52e88000,0x00007f6e52f89000],  sp=0x00007f6e52f87650,  free space=1021k
Native frames: (J=compiled Java code, j=interpreted, Vv=VM code, C=native code)
V  [libjvm.so+0xa596cb]
V  [libjvm.so+0x4c344c]
V  [libjvm.so+0x8aa3f0]
V  [libjvm.so+0x8a491e]
V  [libjvm.so+0x91e90b]
V  [libjvm.so+0x90f413]
V  [libjvm.so+0x2ae931]
V  [libjvm.so+0x8cf3e9]
V  [libjvm.so+0xa1d199]
V  [libjvm.so+0xa1d3e2]
V  [libjvm.so+0x60cc5f]
V  [libjvm.so+0xa02b2a]
V  [libjvm.so+0x681e1f]  JNI_CreateJavaVM+0x5f
C  [libjli.so+0x2d1f]
C  [libpthread.so.0+0x7474]  start_thread+0xc4


---------------  P R O C E S S  ---------------

Java Threads: ( => current thread )

Other Threads:

=>0x00007f6e4c008000 (exited) JavaThread "Unknown thread" [_thread_in_vm, id=23899, stack(0x00007f6e52e88000,0x00007f6e52f89000)]

VM state:not at safepoint (not fully initialized)

VM Mutex/Monitor currently owned by a thread: None

GC Heap History (0 events):
No events

Deoptimization events (0 events):
No events

Internal exceptions (0 events):
No events

Events (0 events):
No events


Dynamic libraries:
00400000-00401000 r-xp 00000000 08:01 4338268                            /usr/lib/jvm/java-8-openjdk/jre/bin/java
00600000-00601000 rw-p 00000000 08:01 4338268                            /usr/lib/jvm/java-8-openjdk/jre/bin/java
015e8000-01609000 rw-p 00000000 00:00 0                                  [heap]
89300000-d6b00000 ---p 00000000 00:00 0 
d6b00000-d9400000 rw-p 00000000 00:00 0 
d9400000-100000000 ---p 00000000 00:00 0 
7f6e3cc1f000-7f6e3ceb4000 ---p 00000000 00:00 0 
7f6e3ceb4000-7f6e3cec9000 rw-p 00000000 00:00 0 
7f6e3cec9000-7f6e3cfff000 ---p 00000000 00:00 0 
7f6e3cfff000-7f6e3d000000 rw-p 00000000 00:00 0 
7f6e3d000000-7f6e3d270000 rwxp 00000000 00:00 0 
7f6e3d270000-7f6e4c000000 ---p 00000000 00:00 0 
7f6e4c000000-7f6e4c032000 rw-p 00000000 00:00 0 
7f6e4c032000-7f6e50000000 ---p 00000000 00:00 0 
7f6e50177000-7f6e50181000 rw-p 00000000 00:00 0 
7f6e50181000-7f6e50537000 ---p 00000000 00:00 0 
7f6e50537000-7f6e5053f000 r-xp 00000000 08:01 4464038                    /usr/lib/jvm/java-8-openjdk/jre/lib/amd64/libzip.so
7f6e5053f000-7f6e5073e000 ---p 00008000 08:01 4464038                    /usr/lib/jvm/java-8-openjdk/jre/lib/amd64/libzip.so
7f6e5073e000-7f6e5073f000 rw-p 00007000 08:01 4464038                    /usr/lib/jvm/java-8-openjdk/jre/lib/amd64/libzip.so
7f6e5073f000-7f6e5074a000 r-xp 00000000 08:01 3935448                    /usr/lib/libnss_files-2.23.so
7f6e5074a000-7f6e50949000 ---p 0000b000 08:01 3935448                    /usr/lib/libnss_files-2.23.so
7f6e50949000-7f6e5094a000 r--p 0000a000 08:01 3935448                    /usr/lib/libnss_files-2.23.so
7f6e5094a000-7f6e5094b000 rw-p 0000b000 08:01 3935448                    /usr/lib/libnss_files-2.23.so
7f6e5094b000-7f6e50951000 rw-p 00000000 00:00 0 
7f6e50951000-7f6e5097d000 r-xp 00000000 08:01 4464037                    /usr/lib/jvm/java-8-openjdk/jre/lib/amd64/libjava.so
7f6e5097d000-7f6e50b7d000 ---p 0002c000 08:01 4464037                    /usr/lib/jvm/java-8-openjdk/jre/lib/amd64/libjava.so
7f6e50b7d000-7f6e50b7f000 rw-p 0002c000 08:01 4464037                    /usr/lib/jvm/java-8-openjdk/jre/lib/amd64/libjava.so
7f6e50b7f000-7f6e50b8c000 r-xp 00000000 08:01 4464030                    /usr/lib/jvm/java-8-openjdk/jre/lib/amd64/libverify.so
7f6e50b8c000-7f6e50d8b000 ---p 0000d000 08:01 4464030                    /usr/lib/jvm/java-8-openjdk/jre/lib/amd64/libverify.so
7f6e50d8b000-7f6e50d8d000 rw-p 0000c000 08:01 4464030                    /usr/lib/jvm/java-8-openjdk/jre/lib/amd64/libverify.so
7f6e50d8d000-7f6e50d94000 r-xp 00000000 08:01 3935456                    /usr/lib/librt-2.23.so
7f6e50d94000-7f6e50f93000 ---p 00007000 08:01 3935456                    /usr/lib/librt-2.23.so
7f6e50f93000-7f6e50f94000 r--p 00006000 08:01 3935456                    /usr/lib/librt-2.23.so
7f6e50f94000-7f6e50f95000 rw-p 00007000 08:01 3935456                    /usr/lib/librt-2.23.so
7f6e50f95000-7f6e51098000 r-xp 00000000 08:01 3935453                    /usr/lib/libm-2.23.so
7f6e51098000-7f6e51297000 ---p 00103000 08:01 3935453                    /usr/lib/libm-2.23.so
7f6e51297000-7f6e51298000 r--p 00102000 08:01 3935453                    /usr/lib/libm-2.23.so
7f6e51298000-7f6e51299000 rw-p 00103000 08:01 3935453                    /usr/lib/libm-2.23.so
7f6e51299000-7f6e51eee000 r-xp 00000000 08:01 4597010                    /usr/lib/jvm/java-8-openjdk/jre/lib/amd64/server/libjvm.so
7f6e51eee000-7f6e520ee000 ---p 00c55000 08:01 4597010                    /usr/lib/jvm/java-8-openjdk/jre/lib/amd64/server/libjvm.so
7f6e520ee000-7f6e521aa000 rw-p 00c55000 08:01 4597010                    /usr/lib/jvm/java-8-openjdk/jre/lib/amd64/server/libjvm.so
7f6e521aa000-7f6e521da000 rw-p 00000000 00:00 0 
7f6e521da000-7f6e52371000 r-xp 00000000 08:01 3935376                    /usr/lib/libc-2.23.so
7f6e52371000-7f6e52571000 ---p 00197000 08:01 3935376                    /usr/lib/libc-2.23.so
7f6e52571000-7f6e52575000 r--p 00197000 08:01 3935376                    /usr/lib/libc-2.23.so
7f6e52575000-7f6e52577000 rw-p 0019b000 08:01 3935376                    /usr/lib/libc-2.23.so
7f6e52577000-7f6e5257b000 rw-p 00000000 00:00 0 
7f6e5257b000-7f6e5257d000 r-xp 00000000 08:01 3935452                    /usr/lib/libdl-2.23.so
7f6e5257d000-7f6e5277d000 ---p 00002000 08:01 3935452                    /usr/lib/libdl-2.23.so
7f6e5277d000-7f6e5277e000 r--p 00002000 08:01 3935452                    /usr/lib/libdl-2.23.so
7f6e5277e000-7f6e5277f000 rw-p 00003000 08:01 3935452                    /usr/lib/libdl-2.23.so
7f6e5277f000-7f6e5278c000 r-xp 00000000 08:01 4597007                    /usr/lib/jvm/java-8-openjdk/jre/lib/amd64/jli/libjli.so
7f6e5278c000-7f6e5298b000 ---p 0000d000 08:01 4597007                    /usr/lib/jvm/java-8-openjdk/jre/lib/amd64/jli/libjli.so
7f6e5298b000-7f6e5298c000 rw-p 0000c000 08:01 4597007                    /usr/lib/jvm/java-8-openjdk/jre/lib/amd64/jli/libjli.so
7f6e5298c000-7f6e529a1000 r-xp 00000000 08:01 3942579                    /usr/lib/libz.so.1.2.8
7f6e529a1000-7f6e52ba0000 ---p 00015000 08:01 3942579                    /usr/lib/libz.so.1.2.8
7f6e52ba0000-7f6e52ba1000 r--p 00014000 08:01 3942579                    /usr/lib/libz.so.1.2.8
7f6e52ba1000-7f6e52ba2000 rw-p 00015000 08:01 3942579                    /usr/lib/libz.so.1.2.8
7f6e52ba2000-7f6e52bba000 r-xp 00000000 08:01 3935352                    /usr/lib/libpthread-2.23.so
7f6e52bba000-7f6e52db9000 ---p 00018000 08:01 3935352                    /usr/lib/libpthread-2.23.so
7f6e52db9000-7f6e52dba000 r--p 00017000 08:01 3935352                    /usr/lib/libpthread-2.23.so
7f6e52dba000-7f6e52dbb000 rw-p 00018000 08:01 3935352                    /usr/lib/libpthread-2.23.so
7f6e52dbb000-7f6e52dbf000 rw-p 00000000 00:00 0 
7f6e52dbf000-7f6e52de2000 r-xp 00000000 08:01 3935375                    /usr/lib/ld-2.23.so
7f6e52e88000-7f6e52e8b000 ---p 00000000 00:00 0 
7f6e52e8b000-7f6e52f8d000 rw-p 00000000 00:00 0 
7f6e52fd7000-7f6e52fdf000 rw-s 00000000 00:22 769916                     /tmp/hsperfdata_rsantos/23898
7f6e52fdf000-7f6e52fe0000 rw-p 00000000 00:00 0 
7f6e52fe0000-7f6e52fe1000 r--p 00000000 00:00 0 
7f6e52fe1000-7f6e52fe2000 rw-p 00000000 00:00 0 
7f6e52fe2000-7f6e52fe3000 r--p 00023000 08:01 3935375                    /usr/lib/ld-2.23.so
7f6e52fe3000-7f6e52fe4000 rw-p 00024000 08:01 3935375                    /usr/lib/ld-2.23.so
7f6e52fe4000-7f6e52fe5000 rw-p 00000000 00:00 0 
7ffdec6fe000-7ffdec71f000 rw-p 00000000 00:00 0                          [stack]
7ffdec7ac000-7ffdec7af000 r--p 00000000 00:00 0                          [vvar]
7ffdec7af000-7ffdec7b1000 r-xp 00000000 00:00 0                          [vdso]
ffffffffff600000-ffffffffff601000 r-xp 00000000 00:00 0                  [vsyscall]

VM Arguments:
java_command: /home/rsantos/Android/Sdk/tools/lib/archquery.jar
java_class_path (initial): /home/rsantos/Android/Sdk/tools/lib/archquery.jar
Launcher Type: SUN_STANDARD

Environment Variables:
JAVA_HOME=/usr/lib/jvm/java-8-openjdk
PATH=/usr/local/sbin:/usr/local/bin:/usr/bin:/opt/android-sdk/platform-tools:/usr/lib/jvm/default/bin:/opt/opencascade/bin:/usr/bin/site_perl:/usr/bin/vendor_perl:/usr/bin/core_perl:/home/rsantos/Android/Sdk/tools
USERNAME=rsantos
LD_LIBRARY_PATH=/opt/opencascade/lib
SHELL=/bin/bash
DISPLAY=:0

Signal Handlers:
SIGSEGV: [libjvm.so+0xa5a220], sa_mask[0]=11111111011111111101111111111110, sa_flags=SA_RESTART|SA_SIGINFO
SIGBUS: [libjvm.so+0xa5a220], sa_mask[0]=11111111011111111101111111111110, sa_flags=SA_RESTART|SA_SIGINFO
SIGFPE: [libjvm.so+0x8a5a90], sa_mask[0]=11111111011111111101111111111110, sa_flags=SA_RESTART|SA_SIGINFO
SIGPIPE: [libjvm.so+0x8a5a90], sa_mask[0]=11111111011111111101111111111110, sa_flags=SA_RESTART|SA_SIGINFO
SIGXFSZ: [libjvm.so+0x8a5a90], sa_mask[0]=11111111011111111101111111111110, sa_flags=SA_RESTART|SA_SIGINFO
SIGILL: [libjvm.so+0x8a5a90], sa_mask[0]=11111111011111111101111111111110, sa_flags=SA_RESTART|SA_SIGINFO
SIGUSR1: SIG_DFL, sa_mask[0]=00000000000000000000000000000000, sa_flags=none
SIGUSR2: [libjvm.so+0x8a5940], sa_mask[0]=00000000000000000000000000000000, sa_flags=SA_RESTART|SA_SIGINFO
SIGHUP: SIG_DFL, sa_mask[0]=00000000000000000000000000000000, sa_flags=none
SIGINT: SIG_DFL, sa_mask[0]=00000000000000000000000000000000, sa_flags=none
SIGTERM: SIG_DFL, sa_mask[0]=00000000000000000000000000000000, sa_flags=none
SIGQUIT: SIG_DFL, sa_mask[0]=00000000000000000000000000000000, sa_flags=none


---------------  S Y S T E M  ---------------

OS:NAME="Arch Linux"
ID=arch
PRETTY_NAME="Arch Linux"
ANSI_COLOR="0;36"
HOME_URL="https://www.archlinux.org/"
SUPPORT_URL="https://bbs.archlinux.org/"
BUG_REPORT_URL="https://bugs.archlinux.org/"


uname:Linux 4.5.4-1-ARCH #1 SMP PREEMPT Wed May 11 22:21:28 CEST 2016 x86_64
libc:glibc 2.23 NPTL 2.23 
rlimit: STACK 8192k, CORE infinity, NPROC 31692, NOFILE 4096, AS infinity
load average:1.46 0.95 0.65

/proc/meminfo:
MemTotal:        8121456 kB
MemFree:          111192 kB
MemAvailable:      34336 kB
Buffers:            1292 kB
Cached:           169848 kB
SwapCached:            0 kB
Active:          7544092 kB
Inactive:         131892 kB
Active(anon):    7509460 kB
Inactive(anon):    95084 kB
Active(file):      34632 kB
Inactive(file):    36808 kB
Unevictable:        1760 kB
Mlocked:            1760 kB
SwapTotal:             0 kB
SwapFree:              0 kB
Dirty:                 4 kB
Writeback:          1720 kB
AnonPages:       7506132 kB
Mapped:           152900 kB
Shmem:             98880 kB
Slab:              96564 kB
SReclaimable:      52752 kB
SUnreclaim:        43812 kB
KernelStack:       11920 kB
PageTables:        61804 kB
NFS_Unstable:          0 kB
Bounce:                0 kB
WritebackTmp:          0 kB
CommitLimit:     4060728 kB
Committed_AS:   11559212 kB
VmallocTotal:   34359738367 kB
VmallocUsed:           0 kB
VmallocChunk:          0 kB
HardwareCorrupted:     0 kB
AnonHugePages:   4562944 kB
HugePages_Total:       0
HugePages_Free:        0
HugePages_Rsvd:        0
HugePages_Surp:        0
Hugepagesize:       2048 kB
DirectMap4k:      268832 kB
DirectMap2M:     8060928 kB
DirectMap1G:     1048576 kB


CPU:total 4 (4 cores per cpu, 1 threads per core) family 6 model 60 stepping 3, cmov, cx8, fxsr, mmx, sse, sse2, sse3, ssse3, sse4.1, sse4.2, popcnt, avx, avx2, aes, clmul, erms, lzcnt, tsc, tscinvbit, bmi1, bmi2

/proc/cpuinfo:
processor	: 0
vendor_id	: GenuineIntel
cpu family	: 6
model		: 60
model name	: Intel(R) Core(TM) i5-4440 CPU @ 3.10GHz
stepping	: 3
microcode	: 0x9
cpu MHz		: 3161.636
cache size	: 6144 KB
physical id	: 0
siblings	: 4
core id		: 0
cpu cores	: 4
apicid		: 0
initial apicid	: 0
fpu		: yes
fpu_exception	: yes
cpuid level	: 13
wp		: yes
flags		: fpu vme de pse tsc msr pae mce cx8 apic sep mtrr pge mca cmov pat pse36 clflush dts acpi mmx fxsr sse sse2 ss ht tm pbe syscall nx pdpe1gb rdtscp lm constant_tsc arch_perfmon pebs bts rep_good nopl xtopology nonstop_tsc aperfmperf eagerfpu pni pclmulqdq dtes64 monitor ds_cpl vmx est tm2 ssse3 sdbg fma cx16 xtpr pdcm pcid sse4_1 sse4_2 x2apic movbe popcnt tsc_deadline_timer aes xsave avx f16c rdrand lahf_lm abm tpr_shadow vnmi flexpriority ept vpid fsgsbase tsc_adjust bmi1 avx2 smep bmi2 erms invpcid xsaveopt dtherm ida arat pln pts
bugs		:
bogomips	: 6188.31
clflush size	: 64
cache_alignment	: 64
address sizes	: 39 bits physical, 48 bits virtual
power management:

processor	: 1
vendor_id	: GenuineIntel
cpu family	: 6
model		: 60
model name	: Intel(R) Core(TM) i5-4440 CPU @ 3.10GHz
stepping	: 3
microcode	: 0x9
cpu MHz		: 3162.847
cache size	: 6144 KB
physical id	: 0
siblings	: 4
core id		: 1
cpu cores	: 4
apicid		: 2
initial apicid	: 2
fpu		: yes
fpu_exception	: yes
cpuid level	: 13
wp		: yes
flags		: fpu vme de pse tsc msr pae mce cx8 apic sep mtrr pge mca cmov pat pse36 clflush dts acpi mmx fxsr sse sse2 ss ht tm pbe syscall nx pdpe1gb rdtscp lm constant_tsc arch_perfmon pebs bts rep_good nopl xtopology nonstop_tsc aperfmperf eagerfpu pni pclmulqdq dtes64 monitor ds_cpl vmx est tm2 ssse3 sdbg fma cx16 xtpr pdcm pcid sse4_1 sse4_2 x2apic movbe popcnt tsc_deadline_timer aes xsave avx f16c rdrand lahf_lm abm tpr_shadow vnmi flexpriority ept vpid fsgsbase tsc_adjust bmi1 avx2 smep bmi2 erms invpcid xsaveopt dtherm ida arat pln pts
bugs		:
bogomips	: 6188.31
clflush size	: 64
cache_alignment	: 64
address sizes	: 39 bits physical, 48 bits virtual
power management:

processor	: 2
vendor_id	: GenuineIntel
cpu family	: 6
model		: 60
model name	: Intel(R) Core(TM) i5-4440 CPU @ 3.10GHz
stepping	: 3
microcode	: 0x9
cpu MHz		: 3125.550
cache size	: 6144 KB
physical id	: 0
siblings	: 4
core id		: 2
cpu cores	: 4
apicid		: 4
initial apicid	: 4
fpu		: yes
fpu_exception	: yes
cpuid level	: 13
wp		: yes
flags		: fpu vme de pse tsc msr pae mce cx8 apic sep mtrr pge mca cmov pat pse36 clflush dts acpi mmx fxsr sse sse2 ss ht tm pbe syscall nx pdpe1gb rdtscp lm constant_tsc arch_perfmon pebs bts rep_good nopl xtopology nonstop_tsc aperfmperf eagerfpu pni pclmulqdq dtes64 monitor ds_cpl vmx est tm2 ssse3 sdbg fma cx16 xtpr pdcm pcid sse4_1 sse4_2 x2apic movbe popcnt tsc_deadline_timer aes xsave avx f16c rdrand lahf_lm abm tpr_shadow vnmi flexpriority ept vpid fsgsbase tsc_adjust bmi1 avx2 smep bmi2 erms invpcid xsaveopt dtherm ida arat pln pts
bugs		:
bogomips	: 6188.31
clflush size	: 64
cache_alignment	: 64
address sizes	: 39 bits physical, 48 bits virtual
power management:

processor	: 3
vendor_id	: GenuineIntel
cpu family	: 6
model		: 60
model name	: Intel(R) Core(TM) i5-4440 CPU @ 3.10GHz
stepping	: 3
microcode	: 0x9
cpu MHz		: 3302.105
cache size	: 6144 KB
physical id	: 0
siblings	: 4
core id		: 3
cpu cores	: 4
apicid		: 6
initial apicid	: 6
fpu		: yes
fpu_exception	: yes
cpuid level	: 13
wp		: yes
flags		: fpu vme de pse tsc msr pae mce cx8 apic sep mtrr pge mca cmov pat pse36 clflush dts acpi mmx fxsr sse sse2 ss ht tm pbe syscall nx pdpe1gb rdtscp lm constant_tsc arch_perfmon pebs bts rep_good nopl xtopology nonstop_tsc aperfmperf eagerfpu pni pclmulqdq dtes64 monitor ds_cpl vmx est tm2 ssse3 sdbg fma cx16 xtpr pdcm pcid sse4_1 sse4_2 x2apic movbe popcnt tsc_deadline_timer aes xsave avx f16c rdrand lahf_lm abm tpr_shadow vnmi flexpriority ept vpid fsgsbase tsc_adjust bmi1 avx2 smep bmi2 erms invpcid xsaveopt dtherm ida arat pln pts
bugs		:
bogomips	: 6188.31
clflush size	: 64
cache_alignment	: 64
address sizes	: 39 bits physical, 48 bits virtual
power management:



Memory: 4k page, physical 8121456k(111192k free), swap 0k(0k free)

vm_info: OpenJDK 64-Bit Server VM (25.92-b14) for linux-amd64 JRE (1.8.0_92-b14), built on Apr 24 2016 15:02:36 by "builduser" with gcc 5.3.0

time: Tue May 24 14:46:12 2016
elapsed time: 0 seconds (0d 0h 0m 0s)

